c:\windows\inf\setupapi.app.log
c:\users\skeep\documents\visual studio 2015\projects\day1_base\system funtion\debug\system funtion.pch
c:\users\skeep\documents\visual studio 2015\projects\day1_base\system funtion\debug\vc140.pdb
c:\users\skeep\documents\visual studio 2015\projects\day1_base\system funtion\debug\vc140.idb
c:\users\skeep\documents\visual studio 2015\projects\day1_base\system funtion\debug\stdafx.obj
c:\users\skeep\documents\visual studio 2015\projects\day1_base\system funtion\debug\system funtion.obj
c:\users\skeep\documents\github\cpp\day1_base\system funtion\debug\system funtion.pch
c:\users\skeep\documents\github\cpp\day1_base\system funtion\debug\vc140.pdb
c:\users\skeep\documents\github\cpp\day1_base\system funtion\debug\vc140.idb
c:\users\skeep\documents\github\cpp\day1_base\system funtion\debug\stdafx.obj
c:\users\skeep\documents\github\cpp\day1_base\system funtion\debug\system funtion.obj
c:\users\skeep\documents\github\cpp\day1_base\debug\system funtion.ilk
c:\users\skeep\documents\github\cpp\day1_base\debug\system funtion.exe
c:\users\skeep\documents\github\cpp\day1_base\debug\system funtion.pdb
c:\users\skeep\documents\github\cpp\day1_base\system funtion\debug\system funtion.tlog\cl.command.1.tlog
c:\users\skeep\documents\github\cpp\day1_base\system funtion\debug\system funtion.tlog\cl.read.1.tlog
c:\users\skeep\documents\github\cpp\day1_base\system funtion\debug\system funtion.tlog\cl.write.1.tlog
c:\users\skeep\documents\github\cpp\day1_base\system funtion\debug\system funtion.tlog\link.command.1.tlog
c:\users\skeep\documents\github\cpp\day1_base\system funtion\debug\system funtion.tlog\link.read.1.tlog
c:\users\skeep\documents\github\cpp\day1_base\system funtion\debug\system funtion.tlog\link.write.1.tlog
